#-----------------------------------------------------------
# Vivado v2020.1 (64-bit)
# SW Build 2902540 on Wed May 27 19:54:49 MDT 2020
# IP Build 2902112 on Wed May 27 22:43:36 MDT 2020
# Start of session at: Tue Mar  2 09:49:05 2021
# Process ID: 2420
# Current directory: C:/Users/brech/Desktop/EAGLE2_verilog/EAGLE2_freq_alg/drone
# Command line: vivado.exe -gui_launcher_event rodinguilauncherevent6448 C:\Users\brech\Desktop\EAGLE2_verilog\EAGLE2_freq_alg\drone\drone.xpr
# Log file: C:/Users/brech/Desktop/EAGLE2_verilog/EAGLE2_freq_alg/drone/vivado.log
# Journal file: C:/Users/brech/Desktop/EAGLE2_verilog/EAGLE2_freq_alg/drone\vivado.jou
#-----------------------------------------------------------
start_gui
open_project C:/Users/brech/Desktop/EAGLE2_verilog/EAGLE2_freq_alg/drone/drone.xpr
Scanning sources...
Finished scanning sources
WARNING: [filemgmt 56-3] Default IP Output Path : Could not find the directory 'C:/Users/brech/Desktop/EAGLE2_verilog/EAGLE2_freq_alg/drone/drone.srcs/sources_1'.
INFO: [IP_Flow 19-234] Refreshing IP repositories
INFO: [IP_Flow 19-1700] Loaded user IP repository 'c:/Users/brech/Desktop/EAGLE2_verilog/EAGLE2_freq_alg/IP_Repo'.
INFO: [IP_Flow 19-1700] Loaded user IP repository 'c:/Users/brech/Desktop/EAGLEtutorials/tut5/tut5/tut5.srcs/sources_1/new'.
INFO: [IP_Flow 19-2313] Loaded Vivado IP repository 'C:/Xilinx/Vivado/2020.1/data/ip'.
WARNING: [BD 41-1661] One or more IPs have been locked in the design 'drone.bd'. Please run report_ip_status for more details and recommendations on how to fix this issue.
List of locked IPs:
drone_SWIPT_2020_0_0

open_project: Time (s): cpu = 00:00:36 ; elapsed = 00:00:19 . Memory (MB): peak = 1097.320 ; gain = 0.000
exit
INFO: [Common 17-206] Exiting Vivado at Tue Mar  2 09:50:19 2021...
