Duplicated file found; will not be sent for synthesis: c:/Users/brech/Desktop/EAGLE2_verilog/EAGLE2_freq_alg/src/bd/ipshared/5f23/src/PWM_measure.vhd
Duplicated file found; will not be sent for synthesis: c:/Users/brech/Desktop/EAGLE2_verilog/EAGLE2_freq_alg/src/bd/ipshared/5f23/hdl/RC_v1_0_S00_AXI.vhd
Duplicated file found; will not be sent for synthesis: c:/Users/brech/Desktop/EAGLE2_verilog/EAGLE2_freq_alg/src/bd/ipshared/5f23/hdl/RC_v1_0.vhd
Duplicated file found; will not be sent for synthesis: c:/Users/brech/Desktop/EAGLE2_verilog/EAGLE2_freq_alg/src/bd/ipshared/66ea/hdl/axi_lite_ipif_v3_0_vh_rfs.vhd
Duplicated file found; will not be sent for synthesis: c:/Users/brech/Desktop/EAGLE2_verilog/EAGLE2_freq_alg/src/bd/ipshared/ef1e/hdl/lib_cdc_v1_0_rfs.vhd
Duplicated file found; will not be sent for synthesis: c:/Users/brech/Desktop/EAGLE2_verilog/EAGLE2_freq_alg/src/bd/ipshared/a040/hdl/interrupt_control_v3_1_vh_rfs.vhd
Duplicated file found; will not be sent for synthesis: c:/Users/brech/Desktop/EAGLE2_verilog/EAGLE2_freq_alg/src/bd/ipshared/bb35/hdl/axi_gpio_v2_0_vh_rfs.vhd
Duplicated file found; will not be sent for synthesis: c:/Users/brech/Desktop/EAGLE2_verilog/EAGLE2_freq_alg/src/bd/ipshared/7486/hdl/PWM_AXI.vhd
Duplicated file found; will not be sent for synthesis: c:/Users/brech/Desktop/EAGLE2_verilog/EAGLE2_freq_alg/src/bd/ipshared/7486/hdl/PWM_AXI_v1_0_S00_AXI.vhd
Duplicated file found; will not be sent for synthesis: c:/Users/brech/Desktop/EAGLE2_verilog/EAGLE2_freq_alg/src/bd/ipshared/7486/hdl/PWM_AXI_v1_0.vhd
Duplicated file found; will not be sent for synthesis: c:/Users/brech/Desktop/EAGLE2_verilog/EAGLE2_freq_alg/src/bd/ipshared/7486/hdl/PWM_AXI.vhd
Duplicated file found; will not be sent for synthesis: c:/Users/brech/Desktop/EAGLE2_verilog/EAGLE2_freq_alg/src/bd/ipshared/7486/hdl/PWM_AXI_v1_0_S00_AXI.vhd
Duplicated file found; will not be sent for synthesis: c:/Users/brech/Desktop/EAGLE2_verilog/EAGLE2_freq_alg/src/bd/ipshared/7486/hdl/PWM_AXI_v1_0.vhd
Duplicated file found; will not be sent for synthesis: c:/Users/brech/Desktop/EAGLE2_verilog/EAGLE2_freq_alg/src/bd/ipshared/ef1e/hdl/lib_cdc_v1_0_rfs.vhd
Duplicated file found; will not be sent for synthesis: c:/Users/brech/Desktop/EAGLE2_verilog/EAGLE2_freq_alg/src/bd/ipshared/7486/hdl/PWM_AXI.vhd
Duplicated file found; will not be sent for synthesis: c:/Users/brech/Desktop/EAGLE2_verilog/EAGLE2_freq_alg/src/bd/ipshared/7486/hdl/PWM_AXI_v1_0_S00_AXI.vhd
Duplicated file found; will not be sent for synthesis: c:/Users/brech/Desktop/EAGLE2_verilog/EAGLE2_freq_alg/src/bd/ipshared/7486/hdl/PWM_AXI_v1_0.vhd
Duplicated file found; will not be sent for synthesis: c:/Users/brech/Desktop/EAGLE2_verilog/EAGLE2_freq_alg/src/bd/ipshared/b752/hdl/generic_baseblocks_v2_1_vl_rfs.v
Duplicated file found; will not be sent for synthesis: c:/Users/brech/Desktop/EAGLE2_verilog/EAGLE2_freq_alg/src/bd/ipshared/47c9/hdl/axi_data_fifo_v2_1_vl_rfs.v
Duplicated file found; will not be sent for synthesis: c:/Users/brech/Desktop/EAGLE2_verilog/EAGLE2_freq_alg/src/bd/ipshared/ec67/hdl/axi_infrastructure_v1_1_0.vh
Duplicated file found; will not be sent for synthesis: c:/Users/brech/Desktop/EAGLE2_verilog/EAGLE2_freq_alg/src/bd/ipshared/ec67/hdl/axi_infrastructure_v1_1_vl_rfs.v
Duplicated file found; will not be sent for synthesis: c:/Users/brech/Desktop/EAGLE2_verilog/EAGLE2_freq_alg/src/bd/ipshared/2ef9/hdl/axi_register_slice_v2_1_vl_rfs.v
Duplicated file found; will not be sent for synthesis: c:/Users/brech/Desktop/EAGLE2_verilog/EAGLE2_freq_alg/src/bd/ipshared/2985/hdl/blk_mem_gen_v8_4_vhsyn_rfs.vhd
Duplicated file found; will not be sent for synthesis: c:/Users/brech/Desktop/EAGLE2_verilog/EAGLE2_freq_alg/src/bd/ipshared/276e/hdl/fifo_generator_v13_2_vhsyn_rfs.vhd
Duplicated file found; will not be sent for synthesis: c:/Users/brech/Desktop/EAGLE2_verilog/EAGLE2_freq_alg/src/bd/ipshared/b752/hdl/generic_baseblocks_v2_1_vl_rfs.v
Duplicated file found; will not be sent for synthesis: c:/Users/brech/Desktop/EAGLE2_verilog/EAGLE2_freq_alg/src/bd/ipshared/47c9/hdl/axi_data_fifo_v2_1_vl_rfs.v
Duplicated file found; will not be sent for synthesis: c:/Users/brech/Desktop/EAGLE2_verilog/EAGLE2_freq_alg/src/bd/ipshared/ec67/hdl/axi_infrastructure_v1_1_0.vh
Duplicated file found; will not be sent for synthesis: c:/Users/brech/Desktop/EAGLE2_verilog/EAGLE2_freq_alg/src/bd/ipshared/ec67/hdl/axi_infrastructure_v1_1_vl_rfs.v
Duplicated file found; will not be sent for synthesis: c:/Users/brech/Desktop/EAGLE2_verilog/EAGLE2_freq_alg/src/bd/ipshared/2ef9/hdl/axi_register_slice_v2_1_vl_rfs.v
Duplicated file found; will not be sent for synthesis: c:/Users/brech/Desktop/EAGLE2_verilog/EAGLE2_freq_alg/src/bd/ipshared/8dfa/hdl/axi_protocol_converter_v2_1_vl_rfs.v
Duplicated file found; will not be sent for synthesis: c:/Users/brech/Desktop/EAGLE2_verilog/EAGLE2_freq_alg/src/bd/ipshared/2985/hdl/blk_mem_gen_v8_4_vhsyn_rfs.vhd
Duplicated file found; will not be sent for synthesis: c:/Users/brech/Desktop/EAGLE2_verilog/EAGLE2_freq_alg/src/bd/ipshared/276e/hdl/fifo_generator_v13_2_vhsyn_rfs.vhd
Duplicated file found; will not be sent for synthesis: c:/Users/brech/Desktop/EAGLE2_verilog/EAGLE2_freq_alg/src/bd/ipshared/b752/hdl/generic_baseblocks_v2_1_vl_rfs.v
Duplicated file found; will not be sent for synthesis: c:/Users/brech/Desktop/EAGLE2_verilog/EAGLE2_freq_alg/src/bd/ipshared/47c9/hdl/axi_data_fifo_v2_1_vl_rfs.v
Duplicated file found; will not be sent for synthesis: c:/Users/brech/Desktop/EAGLE2_verilog/EAGLE2_freq_alg/src/bd/ipshared/ec67/hdl/axi_infrastructure_v1_1_0.vh
Duplicated file found; will not be sent for synthesis: c:/Users/brech/Desktop/EAGLE2_verilog/EAGLE2_freq_alg/src/bd/ipshared/ec67/hdl/axi_infrastructure_v1_1_vl_rfs.v
Duplicated file found; will not be sent for synthesis: c:/Users/brech/Desktop/EAGLE2_verilog/EAGLE2_freq_alg/src/bd/ipshared/2ef9/hdl/axi_register_slice_v2_1_vl_rfs.v
Duplicated file found; will not be sent for synthesis: c:/Users/brech/Desktop/EAGLE2_verilog/EAGLE2_freq_alg/src/bd/ipshared/8dfa/hdl/axi_protocol_converter_v2_1_vl_rfs.v
Duplicated file found; will not be sent for synthesis: c:/Users/brech/Desktop/EAGLE2_verilog/EAGLE2_freq_alg/src/bd/ipshared/2985/hdl/blk_mem_gen_v8_4_vhsyn_rfs.vhd
Duplicated file found; will not be sent for synthesis: c:/Users/brech/Desktop/EAGLE2_verilog/EAGLE2_freq_alg/src/bd/ipshared/276e/hdl/fifo_generator_v13_2_vhsyn_rfs.vhd
Duplicated file found; will not be sent for synthesis: c:/Users/brech/Desktop/EAGLE2_verilog/EAGLE2_freq_alg/src/bd/ipshared/b752/hdl/generic_baseblocks_v2_1_vl_rfs.v
Duplicated file found; will not be sent for synthesis: c:/Users/brech/Desktop/EAGLE2_verilog/EAGLE2_freq_alg/src/bd/ipshared/47c9/hdl/axi_data_fifo_v2_1_vl_rfs.v
Duplicated file found; will not be sent for synthesis: c:/Users/brech/Desktop/EAGLE2_verilog/EAGLE2_freq_alg/src/bd/ipshared/ec67/hdl/axi_infrastructure_v1_1_0.vh
Duplicated file found; will not be sent for synthesis: c:/Users/brech/Desktop/EAGLE2_verilog/EAGLE2_freq_alg/src/bd/ipshared/ec67/hdl/axi_infrastructure_v1_1_vl_rfs.v
Duplicated file found; will not be sent for synthesis: c:/Users/brech/Desktop/EAGLE2_verilog/EAGLE2_freq_alg/src/bd/ipshared/2ef9/hdl/axi_register_slice_v2_1_vl_rfs.v
Duplicated file found; will not be sent for synthesis: c:/Users/brech/Desktop/EAGLE2_verilog/EAGLE2_freq_alg/src/bd/ipshared/8dfa/hdl/axi_protocol_converter_v2_1_vl_rfs.v
Duplicated file found; will not be sent for synthesis: c:/Users/brech/Desktop/EAGLE2_verilog/EAGLE2_freq_alg/src/bd/ipshared/2985/hdl/blk_mem_gen_v8_4_vhsyn_rfs.vhd
Duplicated file found; will not be sent for synthesis: c:/Users/brech/Desktop/EAGLE2_verilog/EAGLE2_freq_alg/src/bd/ipshared/276e/hdl/fifo_generator_v13_2_vhsyn_rfs.vhd
Duplicated file found; will not be sent for synthesis: c:/Users/brech/Desktop/EAGLE2_verilog/EAGLE2_freq_alg/src/bd/ipshared/b752/hdl/generic_baseblocks_v2_1_vl_rfs.v
Duplicated file found; will not be sent for synthesis: c:/Users/brech/Desktop/EAGLE2_verilog/EAGLE2_freq_alg/src/bd/ipshared/47c9/hdl/axi_data_fifo_v2_1_vl_rfs.v
Duplicated file found; will not be sent for synthesis: c:/Users/brech/Desktop/EAGLE2_verilog/EAGLE2_freq_alg/src/bd/ipshared/ec67/hdl/axi_infrastructure_v1_1_0.vh
Duplicated file found; will not be sent for synthesis: c:/Users/brech/Desktop/EAGLE2_verilog/EAGLE2_freq_alg/src/bd/ipshared/ec67/hdl/axi_infrastructure_v1_1_vl_rfs.v
Duplicated file found; will not be sent for synthesis: c:/Users/brech/Desktop/EAGLE2_verilog/EAGLE2_freq_alg/src/bd/ipshared/2ef9/hdl/axi_register_slice_v2_1_vl_rfs.v
Duplicated file found; will not be sent for synthesis: c:/Users/brech/Desktop/EAGLE2_verilog/EAGLE2_freq_alg/src/bd/ipshared/8dfa/hdl/axi_protocol_converter_v2_1_vl_rfs.v
Duplicated file found; will not be sent for synthesis: c:/Users/brech/Desktop/EAGLE2_verilog/EAGLE2_freq_alg/src/bd/ipshared/2985/hdl/blk_mem_gen_v8_4_vhsyn_rfs.vhd
Duplicated file found; will not be sent for synthesis: c:/Users/brech/Desktop/EAGLE2_verilog/EAGLE2_freq_alg/src/bd/ipshared/276e/hdl/fifo_generator_v13_2_vhsyn_rfs.vhd
Duplicated file found; will not be sent for synthesis: c:/Users/brech/Desktop/EAGLE2_verilog/EAGLE2_freq_alg/src/bd/ipshared/b752/hdl/generic_baseblocks_v2_1_vl_rfs.v
Duplicated file found; will not be sent for synthesis: c:/Users/brech/Desktop/EAGLE2_verilog/EAGLE2_freq_alg/src/bd/ipshared/47c9/hdl/axi_data_fifo_v2_1_vl_rfs.v
Duplicated file found; will not be sent for synthesis: c:/Users/brech/Desktop/EAGLE2_verilog/EAGLE2_freq_alg/src/bd/ipshared/ec67/hdl/axi_infrastructure_v1_1_0.vh
Duplicated file found; will not be sent for synthesis: c:/Users/brech/Desktop/EAGLE2_verilog/EAGLE2_freq_alg/src/bd/ipshared/ec67/hdl/axi_infrastructure_v1_1_vl_rfs.v
Duplicated file found; will not be sent for synthesis: c:/Users/brech/Desktop/EAGLE2_verilog/EAGLE2_freq_alg/src/bd/ipshared/2ef9/hdl/axi_register_slice_v2_1_vl_rfs.v
Duplicated file found; will not be sent for synthesis: c:/Users/brech/Desktop/EAGLE2_verilog/EAGLE2_freq_alg/src/bd/ipshared/8dfa/hdl/axi_protocol_converter_v2_1_vl_rfs.v
Duplicated file found; will not be sent for synthesis: c:/Users/brech/Desktop/EAGLE2_verilog/EAGLE2_freq_alg/src/bd/ipshared/2985/hdl/blk_mem_gen_v8_4_vhsyn_rfs.vhd
Duplicated file found; will not be sent for synthesis: c:/Users/brech/Desktop/EAGLE2_verilog/EAGLE2_freq_alg/src/bd/ipshared/276e/hdl/fifo_generator_v13_2_vhsyn_rfs.vhd
Duplicated file found; will not be sent for synthesis: c:/Users/brech/Desktop/EAGLE2_verilog/EAGLE2_freq_alg/src/bd/ipshared/b752/hdl/generic_baseblocks_v2_1_vl_rfs.v
Duplicated file found; will not be sent for synthesis: c:/Users/brech/Desktop/EAGLE2_verilog/EAGLE2_freq_alg/src/bd/ipshared/47c9/hdl/axi_data_fifo_v2_1_vl_rfs.v
Duplicated file found; will not be sent for synthesis: c:/Users/brech/Desktop/EAGLE2_verilog/EAGLE2_freq_alg/src/bd/ipshared/ec67/hdl/axi_infrastructure_v1_1_0.vh
Duplicated file found; will not be sent for synthesis: c:/Users/brech/Desktop/EAGLE2_verilog/EAGLE2_freq_alg/src/bd/ipshared/ec67/hdl/axi_infrastructure_v1_1_vl_rfs.v
Duplicated file found; will not be sent for synthesis: c:/Users/brech/Desktop/EAGLE2_verilog/EAGLE2_freq_alg/src/bd/ipshared/2ef9/hdl/axi_register_slice_v2_1_vl_rfs.v
Duplicated file found; will not be sent for synthesis: c:/Users/brech/Desktop/EAGLE2_verilog/EAGLE2_freq_alg/src/bd/ipshared/8dfa/hdl/axi_protocol_converter_v2_1_vl_rfs.v
Duplicated file found; will not be sent for synthesis: c:/Users/brech/Desktop/EAGLE2_verilog/EAGLE2_freq_alg/src/bd/ipshared/2985/hdl/blk_mem_gen_v8_4_vhsyn_rfs.vhd
Duplicated file found; will not be sent for synthesis: c:/Users/brech/Desktop/EAGLE2_verilog/EAGLE2_freq_alg/src/bd/ipshared/276e/hdl/fifo_generator_v13_2_vhsyn_rfs.vhd
Duplicated file found; will not be sent for synthesis: c:/Users/brech/Desktop/EAGLE2_verilog/EAGLE2_freq_alg/src/bd/ipshared/b752/hdl/generic_baseblocks_v2_1_vl_rfs.v
Duplicated file found; will not be sent for synthesis: c:/Users/brech/Desktop/EAGLE2_verilog/EAGLE2_freq_alg/src/bd/ipshared/47c9/hdl/axi_data_fifo_v2_1_vl_rfs.v
Duplicated file found; will not be sent for synthesis: c:/Users/brech/Desktop/EAGLE2_verilog/EAGLE2_freq_alg/src/bd/ipshared/ec67/hdl/axi_infrastructure_v1_1_0.vh
Duplicated file found; will not be sent for synthesis: c:/Users/brech/Desktop/EAGLE2_verilog/EAGLE2_freq_alg/src/bd/ipshared/ec67/hdl/axi_infrastructure_v1_1_vl_rfs.v
Duplicated file found; will not be sent for synthesis: c:/Users/brech/Desktop/EAGLE2_verilog/EAGLE2_freq_alg/src/bd/ipshared/2ef9/hdl/axi_register_slice_v2_1_vl_rfs.v
Duplicated file found; will not be sent for synthesis: c:/Users/brech/Desktop/EAGLE2_verilog/EAGLE2_freq_alg/src/bd/ipshared/8dfa/hdl/axi_protocol_converter_v2_1_vl_rfs.v
Duplicated file found; will not be sent for synthesis: c:/Users/brech/Desktop/EAGLE2_verilog/EAGLE2_freq_alg/src/bd/ipshared/2985/hdl/blk_mem_gen_v8_4_vhsyn_rfs.vhd
Duplicated file found; will not be sent for synthesis: c:/Users/brech/Desktop/EAGLE2_verilog/EAGLE2_freq_alg/src/bd/ipshared/276e/hdl/fifo_generator_v13_2_vhsyn_rfs.vhd
Duplicated file found; will not be sent for synthesis: c:/Users/brech/Desktop/EAGLE2_verilog/EAGLE2_freq_alg/src/bd/ipshared/b752/hdl/generic_baseblocks_v2_1_vl_rfs.v
Duplicated file found; will not be sent for synthesis: c:/Users/brech/Desktop/EAGLE2_verilog/EAGLE2_freq_alg/src/bd/ipshared/47c9/hdl/axi_data_fifo_v2_1_vl_rfs.v
Duplicated file found; will not be sent for synthesis: c:/Users/brech/Desktop/EAGLE2_verilog/EAGLE2_freq_alg/src/bd/ipshared/ec67/hdl/axi_infrastructure_v1_1_0.vh
Duplicated file found; will not be sent for synthesis: c:/Users/brech/Desktop/EAGLE2_verilog/EAGLE2_freq_alg/src/bd/ipshared/ec67/hdl/axi_infrastructure_v1_1_vl_rfs.v
Duplicated file found; will not be sent for synthesis: c:/Users/brech/Desktop/EAGLE2_verilog/EAGLE2_freq_alg/src/bd/ipshared/2ef9/hdl/axi_register_slice_v2_1_vl_rfs.v
Duplicated file found; will not be sent for synthesis: c:/Users/brech/Desktop/EAGLE2_verilog/EAGLE2_freq_alg/src/bd/ipshared/8dfa/hdl/axi_protocol_converter_v2_1_vl_rfs.v
Duplicated file found; will not be sent for synthesis: c:/Users/brech/Desktop/EAGLE2_verilog/EAGLE2_freq_alg/src/bd/ipshared/2985/hdl/blk_mem_gen_v8_4_vhsyn_rfs.vhd
Duplicated file found; will not be sent for synthesis: c:/Users/brech/Desktop/EAGLE2_verilog/EAGLE2_freq_alg/src/bd/ipshared/276e/hdl/fifo_generator_v13_2_vhsyn_rfs.vhd
Duplicated file found; will not be sent for synthesis: c:/Users/brech/Desktop/EAGLE2_verilog/EAGLE2_freq_alg/src/bd/ipshared/b752/hdl/generic_baseblocks_v2_1_vl_rfs.v
Duplicated file found; will not be sent for synthesis: c:/Users/brech/Desktop/EAGLE2_verilog/EAGLE2_freq_alg/src/bd/ipshared/47c9/hdl/axi_data_fifo_v2_1_vl_rfs.v
Duplicated file found; will not be sent for synthesis: c:/Users/brech/Desktop/EAGLE2_verilog/EAGLE2_freq_alg/src/bd/ipshared/ec67/hdl/axi_infrastructure_v1_1_0.vh
Duplicated file found; will not be sent for synthesis: c:/Users/brech/Desktop/EAGLE2_verilog/EAGLE2_freq_alg/src/bd/ipshared/ec67/hdl/axi_infrastructure_v1_1_vl_rfs.v
Duplicated file found; will not be sent for synthesis: c:/Users/brech/Desktop/EAGLE2_verilog/EAGLE2_freq_alg/src/bd/ipshared/2ef9/hdl/axi_register_slice_v2_1_vl_rfs.v
Duplicated file found; will not be sent for synthesis: c:/Users/brech/Desktop/EAGLE2_verilog/EAGLE2_freq_alg/src/bd/ipshared/8dfa/hdl/axi_protocol_converter_v2_1_vl_rfs.v
Duplicated file found; will not be sent for synthesis: c:/Users/brech/Desktop/EAGLE2_verilog/EAGLE2_freq_alg/src/bd/ipshared/2985/hdl/blk_mem_gen_v8_4_vhsyn_rfs.vhd
Duplicated file found; will not be sent for synthesis: c:/Users/brech/Desktop/EAGLE2_verilog/EAGLE2_freq_alg/src/bd/ipshared/276e/hdl/fifo_generator_v13_2_vhsyn_rfs.vhd
CRC performance measure: elapsed=00:00:00.007s;;memory_peak=4470.016MB;;memory_gain=0.000MB
